U-Boot commit information:
git@github.com:ShiaujiuanChen/u-boot.git
de285865b8be99d1a4ecb934aab501e3f5e57daa
U-Boot diff information:
U-Boot diff end
OPTEE commit information:
git@github.com:ms-iot/optee_os.git
ab616627d2ef6c2dc9a1be4eb05a3bd35edb5e2c
OPTEE diff information:
OPTEE diff end
EDK2 commit information:
https://github.com/tianocore/edk2
89910a39dcfd788057caa5d88b7e76e112d187b5
EDK2 diff information:
EDK2 diff end
EDK2-Platforms commit information:
git@github.com:ShiaujiuanChen/imx-edk2-platforms.git
3cfc49e265acabac5058a7bdc99a0462591124d1
EDK2-Platforms diff information:
EDK2-Platforms diff end
